<?xml version="1.0" encoding="UTF-8"?>
<!-- Generated by org.testng.reporters.JUnitReportReporter -->
<testsuite skipped="0" hostname="LMCTag008" name="com.ExtentReport.Extentrepot1" tests="1" failures="0" timestamp="2022-03-25T05:21:59 PDT" time="3.497" errors="0">
  <testcase name="test1" time="3.497" classname="com.ExtentReport.Extentrepot1"/>
  <system-out/>
</testsuite> <!-- com.ExtentReport.Extentrepot1 -->
